Look at my commands!
    1  ip addr
    2  ifup ens3
    3  ls /etc/sysconfig/network-scripts/
    4  cat /etc/sysconfig/network-scripts/ifcfg-eth0 
    5  cp /etc/sysconfig/network-scripts/ifcfg-eth0 /etc/sysconfig/network-scripts/ifcfg-ens3
    6  vim /etc/sysconfig/network-scripts/ifcfg-ens3
    7  vi /etc/sysconfig/network-scripts/ifcfg-ens3
    8  ifup ens3
    9  ip addr
   10  yum repolist
   11  ip a s
   12  reboot
   13  visudo 
   14  systemctl status sshd
   15  systemctl start sshd
   16  chattr -i /etc/ssh/sshd_config 
   17  systemctl start sshd
   18  systemctl status sshd
   19  vi /etc/ssh/sshd_config
   20  tail /var/log/messages 
   21  restorecon /etc/ssh/sshd_config 
   22  systemctl start sshd
   23  systemctl status sshd
   24  ip a s
   25  ifup eth1
   26  vim /etc/sysconfig/network-scripts/ifcfg-ens3 
   27  mv /etc/sysconfig/network-scripts/ifcfg-ens3 /etc/sysconfig/network-scripts/ifcfg-eth1
   28  ifup eth1
   29  ip a s
   30  ping google.com
   31  ip a s
   32  ls /etc/yum.repos.d/
   33  yum -y update
   34  yum -y install openstack-packstack
   35  packstack --gen-answer-file /root/answers.txt
   36  vim answers.txt 
   37  ssh neutron
   38  ssh compute1
   39  ssh compute2
   40  ssh 10.0.0.11
   41  ssh 10.0.0.12
   42  ssh 10.0.0.13
   43  ssh 10.0.0.10
   44  packstack --answer-file /root/answers.txt 
   45  ls
   46  . keystonerc_admin 
   47  openstack-status 
   48  . keystonerc_admin 
   49  openstack-status 
   50  cat keystonerc_admin 
   51  cat keystonerc_demo 
   52  vim keystonerc_demo
   53  vim keystonerc_admin 
   54  vim answers.txt 
   55  . keystonerc_admin 
   56  openstack-status 
   57  ip route show
   58  su centos
   59  cat .ssh/id_rsa.pub 
   60  ssh localhost
   61  cat .ssh/authorized_keys 
   62  exit
   63  cp /home/centos/.ssh/id_rsa .ssh/id_rsa
   64  ssh localhost
   65  ssh compute1
   66  diff /home/centos/.ssh/id_rsa .ssh/id_rsa
   67  cp /home/centos/.ssh/id_rsa.pub .ssh/id_rsa.pub
   68  ssh compute1
   69  ssh compute2
   70  ssh neutron
   71  exit
   72  passwd
   73  ssh compute1
   74  su centos
   75  ls
   76  vim .ssh/config 
   77  cat .ssh/id_rsa.pub 
   78  su centos
   79  ssh compute1
   80  ssh compute1 -vvv
   81  ssh centos@compute1 -vvv
   82  exit
   83  nova-mandage service list
   84  nova-manage service list
   85  nova-manage service list | sort 
   86  source keystonerc_admin 
   87  nova
   88  nova service-list
   89  nova service-delete 1
   90  nova service-list
   91  nova service-delete 7
   92  nova service-delete 8
   93  nova service-delete 9
   94  nova service-delete 10
   95  nova service-delete 11
   96  nova service-delete 12
   97  nova service-delete 13
   98  exit
   99  ssh compute1
  100  source keystonerc_admin 
  101  nova service-list 
  102  reboot
  103  nova-manage service list | sort
  104  hostname
  105  cat /etc/hostname 
  106  . keystonerc_admin 
  107  nova service-list
  108  nova service-delete 2
  109  nova service-delete 3
  110  nova service-delete 4
  111  ssh compute1
  112  ssh compute2
  113  nova service-list
  114  horizon
  115  vim keystonerc_admin 
  116  nova service-list
  117  nova service-delete 5
  118  nova service-delete 6
  119  ssh compute2
  120  ssh compute1
  121  sudo reboot
  122  nova flavor-list
  123  keystone tenant-list
  124  nova --os-auth-url=http://192.168.0.10:5000/v2.0 --os-tenant-name=admin --os-user-name=admin --os-password=alta3 flavor-list
  125  hto
  126  htop
  127  exit
  128  tail -f /var/log/nova/nova-novncproxy.log 
  129  netstat -an | 6080
  130  netstat -an | grep 6080
  131  exit
  132  ansible openstack -i hosts -m command -a "ip addr"
  133  ansible openstack -i hosts -m command -a "whoami"
  134  exit
  135  nova-manage service list | sort
  136  exit
  137  nova-manage service list | sort
  138  source keystonerc_admin 
  139  nova service-list
  140  nova service-delete 21
  141  nova service-list
  142  nova-manage service list | sor
  143  hostname
  144  nova service-list
  145  nova service-delete 19
  146  nova service-delete 20
  147  nova service-delete 22
  148  nova service-delete 23
  149  nova service-list
  150  nova service-delete 24
  151  nova service-list
  152  exit
  153  url -s -X POST http://192.168.0.10:5000/v2.0/token
  154  curl -s -X POST http://192.168.0.10:5000/v2.0/tokens           -H "Content-Type: application/json"           -d '{"auth":{"tenantName":"admin","passwordCredentials":{"username":"admin","password":"alta3"}}}'
  155  curl -s -X POST http://192.168.0.10:5000/v2.0/tokens           -H "Content-Type: application/json"           -d '{"auth":{"tenantName":"admin","passwordCredentials":{"username":"admin","password":"alta3"}}}' | less
  156  curl -s -X POST http://192.168.0.10:5000/v2.0/tokens           -H "Content-Type: application/json"           -d '{"auth":{"tenantName":"admin","passwordCredentials":{"username":"admin","password":"alta3"}}}' | pretty
  157  curl -s -X POST http://192.168.0.10:5000/v2.0/tokens           -H "Content-Type: application/json"           -d '{"auth":{"tenantName":"admin","passwordCredentials":{"username":"admin","password":"alta3"}}}' | python -m json.tool
  158  curl -s -X POST http://192.168.0.10:5000/v2.0/tokens           -H "Content-Type: application/json"           -d '{"auth":{"tenantName":"admin","passwordCredentials":{"username":"admin","password":"alta3"}}}' | python -m json.tool | less
  159  curl -X POST http://192.168.0.10:5000/v2.0/tokens           -H "Content-Type: application/json"           -d '{"auth":{"tenantName":"admin","passwordCredentials":{"username":"admin","password":"alta3"}}}' | python -m json.tool | less
  160  curl -X POST http://192.168.0.10:5000/v2.0/tokens           -H "Content-Type: application/jjson"           -d '{"auth":{"tenantName":"admin","passwordCredentials":{"username":"admin","password":"alta3"}}}' | python -m json.tool | less
  161  curl -X POST http://192.168.0.10:5000/v2.0/tokens           -H "Content-Type: application/json"           -d '{"auth":{"tenantName":"admin","passwordCredentials":{"username":"admin","password":"alta33"}}}' | python -m json.tool | less
  162  curl -X POST http://192.168.0.10:5000/v2.0/tokens           -H "Content-Type: application/json"           -d '{"auth":{"tenantName":"admin","passwordCredentials":{"username":"admin","password":"alta3"}}}' | python -m json.tool | less
  163  curl -X POST http://192.168.0.10:5000/v2.0/tokens           -H "Content-Type: application/json"           -d '{"auth":{"tenantName":"admin","passwordCredentials":{"username":"admin","password":"alta3"}}}' | python -m json.tool
  164  curl -X POST http://192.168.0.10:5000/v2.0/tokens             -d '{"auth":{"tenantName":"admin","passwordCredentials":{"username":"admin","password":"alta3"}}}' | python -m json.tool
  165  curl -X POST http://192.168.0.10:5000/v2.0/tokens           -H "Content-Type: application/json"           -d '{"auth":{"tenantName":"admin","passwordCredentials":{"username":"admin","password":"alta3"}}}' | python -m json.tool
  166  curl -X POST http://192.168.0.10:5000/v2.0/tokens  -i         -H "Content-Type: application/json"           -d '{"auth":{"tenantName":"admin","passwordCredentials":{"username":"admin","password":"alta3"}}}' | python -m json.tool
  167  curl -X -i POST http://192.168.0.10:5000/v2.0/tokens         -H "Content-Type: application/json"           -d '{"auth":{"tenantName":"admin","passwordCredentials":{"username":"admin","password":"alta3"}}}' | python -m json.tool
  168  curl -X POST http://192.168.0.10:5000/v2.0/tokens  -i         -H "Content-Type: application/json"           -d '{"auth":{"tenantName":"admin","passwordCredentials":{"username":"admin","password":"alta3"}}}' | python -m json.tool
  169  curl -X POST http://192.168.0.10:5000/v2.0/tokens           -H "Content-Type: application/json"           -d '{"auth":{"tenantName":"admin","passwordCredentials":{"username":"admin","password":"alta3"}}}' | python -m json.tool | less
  170  curl -X -i POST http://192.168.0.10:5000/v2.0/tokens           -H "Content-Type: application/json"           -d '{"auth":{"tenantName":"admin","passwordCredentials":{"username":"admin","password":"alta3"}}}' | python -m json.tool | less
  171  curl -i -X POST http://192.168.0.10:5000/v2.0/tokens           -H "Content-Type: application/json"           -d '{"auth":{"tenantName":"admin","passwordCredentials":{"username":"admin","password":"alta3"}}}' | python -m json.tool | less
  172  curl -v -X POST http://192.168.0.10:5000/v2.0/tokens           -H "Content-Type: application/json"           -d '{"auth":{"tenantName":"admin","passwordCredentials":{"username":"admin","password":"alta3"}}}' | python -m json.tool | less
  173  curl -v -X POST http://192.168.0.10:5000/v2.0/tokens           -H "Content-Type: application/json"           -d '{"auth":{"tenantName":"admin","passwordCredentials":{"username":"admin","password":"alta3"}}}'
  174  q
  175  curl -v -X POST http://192.168.0.10:5000/v2.0/tokens -H "Content-Type: application/json" -d '{"auth":{"tenantName":"admin","passwordCredentials":{"username":"admin","password":"alta3"}}}'
  176  source keystonerc_admin 
  177  nova flavor --help
  178  nova help flavor
  179  nova --help flavor
  180  nova --help flavor | less
  181  nova help
  182  nova help flavor*
  183  nova help flavor.*
  184  nova help --flavor.*
  185  nova help flavor-list
  186  nova flavor-list
  187  nova flavor-create custom.shrimpy 6 512 2 1
  188  nova help flavor-create
  189  nova flavor-list
  190  [root@controller ~(keystone_admin)]# nova flavor-list
  191  +----+----------------+-----------+------+-----------+------+-------+-------------+-----------+
  192  | ID | Name           | Memory_MB | Disk | Ephemeral | Swap | VCPUs | RXTX_Factor | Is_Public |
  193  +----+----------------+-----------+------+-----------+------+-------+-------------+-----------+
  194  | 1  | m1.tiny        | 512       | 1    | 0         |      | 1     | 1.0         | True      |
  195  | 2  | m1.small       | 2048      | 20   | 0         |      | 1     | 1.0         | True      |
  196  | 3  | m1.medium      | 4096      | 40   | 0         |      | 2     | 1.0         | True      |
  197  | 4  | m1.large       | 8192      | 80   | 0         |      | 4     | 1.0         | True      |
  198  | 5  | m1.xlarge      | 16384     | 160  | 0         |      | 8     | 1.0         | True      |
  199  | 6  | custom.shrimpy | 512       | 2    | 0         |      | 1     | 1.0         | True      |
  200  +----+----------------+-----------+------+-----------+------+-------+-------------+-----------+
  201  sourc keystonerc_aliceanderson
  202  exit
  203  ssh compute1
  204  ssh compute2
  205  ls
  206  nova-manage service list | sort
  207  ssh compute1 
  208  hostname
  209  source keystonerc_admin
  210  keystone catalog | less
  211  keystone-manage --version
  212  nova-manage --version
  213  glance-manage --version
  214  nova service-list
  215  keystone catalog | less
  216  nova service-list
  217  nova-manage service list | sort
  218  keystone-manage --version
  219  nova-manage --version
  220  glance-manage --version
  221  # hi
  222  # Hey there
  223  keystone tenant-create --name vault_tek
  224  keystone user-create --name chestercopperpot --tenant vault_tek --pass pa55w0rd --email chester@vault_tek.example
  225  keystone-manage --version
  226  keystone tenant-list
  227  keystone user-list
  228  chestercopperpot:fa5tpa55w0rd
  229  nova-manage service list | sort
  230  sccreen
  231  screen
  232  screen -ls
  233  screen
  234  screen -x
  235  screen -ls
  236  screen -x
  237  tail -f /var/log/messages
  238  tail -f /var/log/secure
  239  service sshd restart
  240  service httpd restart
  241  ip route
  242  exit
  243  ?
  244  ls
  245  cd /
  246  ls
  247  cd
  248  cat keystonerc_admin
  249  cd /
  250  cd proc
  251  ls
  252  cat version
  253  cd ..
  254  ls
  255  cd etc
  256  ls
  257  ls *ver*
  258  ls *red*
  259  cat redhat-release
  260  cd /
  261  ls
  262  nova-manage service list | sort
  263  cd
  264  . ./keystonerc_admin
  265  keystone catalog | less
  266  host 192.168.0.10
  267  nslookup
  268  cat /etc/resolv.conf
  269  ifconfi g-a
  270  ifconfig -a
  271  keystone catalog | less
  272  nova service-list
  273  keystone-manaage --version
  274  keystone-manage --version
  275  nova-manage --version
  276  glance-manage --version
  277  keystone tenant-create --name vault_tek
  278  keystone user-create --name chestercopperpot --tenant vault_tek --pass fa5tpa55w0rd --email chester@vault_tek.example
  279  keystone tenant-list
  280  keystone user-list
  281  find / -name 'policy.json'
  282  cat /etc/cinder/policy.json | less
  283  keystone role-create --name ultra_admin
  284  keystone tenant-list
  285  keystone user-role-add --user aliceanderson --role ultra_admin --tenant 12d5585e900743c4acfef53a231a7ced
  286  keystone user-role-list --user aliciceanderson
  287  set -o vi
  288  keystone user-role-list --user aliceanderson --tenant 12d5585e900743c4acfef53a231a7ced
  289  openstack
  290  nslookup
  291  ping 8.8.8.8
  292  vi /etc/resolv.conf
  293  cd /etc
  294  cp resolv.conf resolv.conf.bak
  295  vi resolv.conf
  296  nslookup
  297  yum
  298  yum search nslookup
  299  yum makecache fast
  300  yum search nslookup
  301  vi resolv.conf
  302  yum makecache fast
  303  yum search nslookup
  304  host googlecom
  305  nova flavor-list
  306  keystone tenant-list
  307  nova --os-auth-url=http://192.168.0.10:5000/v2.0 --os-tenant-name=admin --os-user-name=admin --os-password=alta3 flavor-list
  308  nova flavor-list
  309  nova -h
  310  nova -h | grep os-auth-url
  311  nova --os-auth-url=http://192.168.0.10:5000/v2.0 --os-tenant-name=admin --os-user-name=admin --os-password=alta3 --debug flavor-list
  312  printenv
  313  . ./
  314  . ./keystonerc_admin
  315  keystone tenant-create --name temp_tenant
  316  keystone tenant-list
  317  openstack
  318  reset
  319  ls
  320  keystone user-get chestercopperpot
  321  keystone tenant-list | grep e207869054940d09d8b2e0eb63d0e3b
  322  ls
  323  cp keystonerc_admin keystonerc_chestercopperpot
  324  vi keystonerc_chestercopperpot 
  325  export TERM=vt220
  326  vi keystonerc_chestercopperpot 
  327  . ./keystonerc_chestercopperpot 
  328  ls
  329  nano ?
  330  clear
  331  nova flavor-list
  332  ls
  333  cp keystonerc_chestercopperpot keystonerc_aliceanderson
  334  vi keystonerc_aliceanderson 
  335  . ./keystonerc_aliceanderson 
  336  vi keystonerc_aliceanderson 
  337  . ./keystonerc_aliceanderson 
  338  . ./keystonerc_chestercopperpot 
  339  . ./keystonerc_aliceanderson 
  340  ls
  341  vi keystonerc_aliceanderson 
  342  nova flavor-list
  343  keystone tenant-list
  344  . ./keystonerc_chestercopperpot 
  345  keystone-tenant-list
  346  keystone tenant-list
  347  nova flavor-list
  348  cp keystonerc_aliceanderson keystonerc_bobbarker
  349  vi keystonerc_bobbarker 
  350  . ./keystonerc_bobbarker 
  351  . ./keystonerc_admin
  352  keystone user-create --name dorisday --tenant vault_tek --pass fa5tpa55w0rd --email dorisday@vault_tek.example
  353  cp keystonerc_aliceanderson keystonerc_dorisday
  354  vi keystonerc_dorisday 
  355  . ./keystonerc_dorisday 
  356  history
  357  nova flavor-list
  358  . ./keystonerc_admin
  359  curl -s -X POST http://192.168.0.10:5000/v2.0/tokens -H "Content-Type: application/json" -d '{"auth":{"tenantName":"admin","passwordCredentials":{"username":"
  360  curl -s -X POST http://192.168.0.10:5000/v2.0/tokens -H "Content-Type: application/json" -d '{"auth":{"tenantName":"admin","passwordCredentials":{"username":"
  361  admin","password":"alta3"}}}' | python -m json.tool | less
  362  set -o vi
  363  curl -s -X POST http://192.168.0.10:5000/v2.0/tokens -H "Content-Type: application/json" -d '{"auth":{"tenantName":"admin","passwordCredentials":{"username":"x admin","password":"alta3"}}}' | python -m json.tool | less
  364  curl -s -X POST http://192.168.0.10:5000/v2.0/tokens -H "Content-Type: application/json" -d '{"auth":{"tenantName":"admin","passwordCredentials":{"username":"admin","password":"alta3"}}}' | python -m json.tool | less
  365  curl -v -X POST http://192.168.0.10:5000/v2.0/tokens -H "Content-Type: application/json" -d '{"auth":{"tenantName":"admin","passwordCredentials":{"username":"admin","password":"alta3"}}}' | less
  366  curl -v -X POST http://192.168.0.10:5000/v2.0/tokens -H "Content-Type: application/json" -d '{"auth":{"tenantName":"admin","passwordCredentials":{"username":"admin","password":"alta34567"}}}' | python -m json.tool | less
  367  nova help|less
  368  nova flavor-list
  369  nova flavor-create custom.shrimpy 6 512 2 1
  370  nova flavor-list
  371  . ./keystonerc_aliceanderson 
  372  nova flavor-list
  373  . ./keystonerc_chestercopperpot 
  374  nova flavor-list
  375  nova help flavor-create
  376  . ./keystonerc_admin 
  377  ls
  378  nova flavor-create --is-public false secret.monstor 8 125000 200 8
  379  nova flavor-delete 8
  380  nova flavor-list
  381  nova flavor-create --is-public false secret.monster 8 125000 200 0
  382  nova flavor-create --is-public false secret.monster 8 125000 200 8
  383  nova flavor-list
  384  nova flavor-list --all
  385  . ./keystonerc_chestercopperpot 
  386  nova flavor-list
  387  nova image-list
  388  neutron net-list
  389  nova boot --flavor custom.shrimpy --image cirros --nic net-id=86e6e695-7775-46ef-827f-64c4306bb69f vt1
  390  nova boot --flavor custom.shrimpy --image cirros --nic net-id=20ca30a2-e3fb-4e62-bd78-08dc471e93ed vt1
  391  nova show vt1
  392  . ./keystonerc_admin
  393  nova list --all-tenants
  394  VT1=`nova list --all-tenants | grep vt1 | cut -d ' ' -f 7`
  395  echo $VT1
  396  VAR_UUID=6989d953-0c63-4589-b31b-2b6cb6f5550e
  397  nova show $VAR_UUID
  398  nova diagnostics $VAR_UUID
  399  nova stop $VAR_UUID
  400  nova show $VAR_UUID
  401  nova start $VAR_UUID
  402  nova show $VAR_UUID
  403  nova pause $VAR_UUID
  404  nova show $VAR_UUID
  405  nova rescue $VAR_UUID
  406  nova reboot $VAR_UUID
  407  nova unpause $VAR_UUIS
  408  nova unpause $VAR_UUID
  409  nova rescue $VAR_UUID
  410  nova unrescue $VAR_UUID
  411  nova show $VAR_UUID
  412  nova stop $VAR_UUID
  413  . ./keystonerc_ch
  414  . ./keystonerc_chestercopperpot 
  415  nova secgroup-list
  416  nova secgroup-create http-ssh "Allowing http and ssh traffic"
  417  nova secgroup-add-rule http-ssh tcp 80 8.8.8.8/0
  418  nova secgroup-add-rule http-ssh tcp 80 80 0.0.0.0/0
  419  set -o vi
  420  nova secgroup-add-rule http-ssh tcp 22 22 0.0.0.0/0
  421  nova secgroup-list-rules http-ssh
  422  printenv | frep OS_
  423  printenv | grep OS_
  424  neutron net-create vault-tek-network
  425  nutron subnet-create --name vault-tek-network-subnet-10 --gateway 10.10.0.1 vault-tek-network 10.10.0.0/24
  426  neutron subnet-create --name vault-tek-network-subnet-10 --gateway 10.10.0.1 vault-tek-network 10.10.0.0/24
  427  neutron router0create vault-tek-router
  428  neutron router-create vault-tek-router
  429  neutron router-gateway-set vault-tek-router public
  430  neutron router-show add0304e-e935-449b-a609-539b8088ec3c | less -Sxx
  431  neutron router-show add0304e-e935-449b-a609-539b8088ec3c 
  432  neutron router-interface-add vault-tek-router xxdefault-tek-network-subnet-10
  433  neutron router-interface-add vault-tek-router vault-tek-network-subnet-10
  434  neutron router-show add0304e-e935-449b-a609-539b8088ec3c | less -S
  435  . ./keystonerc_admin 
  436  neutron subnet-list
  437  neutron subnet-show vault-tek-network-subnet-10
  438  . ./keystonerc_chestercopperpot 
  439  nova show vt2
  440  ssh root@neutron
  441  . .bashrc
  442  ls /var/log/nova
  443  ls /var
  444  ls /var/log
  445  cd /var/log/glance
  446  ls
  447  cd ..
  448  cd cinder
  449  ls
  450  cd ..
  451  cd keystone
  452  ls
  453  vi keystone.log
  454  ssh root@compute1
  455  ls
  456  . ./keystonerc_admin
  457  glance image-list
  458  glance help image-create
  459  glance image-create --name cirros_alpha --disk-format qcow2 --container-format bare --is-public true --location https://download.cirros-cloud.net/0.3.4/cirros-0.3.4-x86_64-disk.img
  460  neutron net-list
  461  nova boot --flavor custom.shrimpy --image cirros_alpha --nic net-id=20ca30a2-e3fb-4e62-bd78-08dc471e93ed admin_ box
  462  nova boot --flavor custom.shrimpy --image cirros_alpha --nic net-id=20ca30a2-e3fb-4e62-bd78-08dc471e93ed admin_box
  463  pvdisplay
  464  . ./keystonerc_chestercopperpot 
  465  cinder create --display_name NASferatu 1
  466  cinder list
  467  nova list
  468  nova volume-attach 9ea0d26a-f066-446e-ba2f-6704ffea2276 1724febb-3315-4020-a77f-0c2cc7cde27c auto
  469  cinder list
  470  nova volume-detach 9ea0d26a-f066-446e-ba2f-6704ffea227
  471  nova volume-detach 9ea0d26a-f066-446e-ba2f-6704ffea2276 1724febb-3315-4020-a77f-0c2cc7cde27c
  472  cinder list
  473  cinder delete NASferatu
  474  cinder list
  475  nova show vt2 | grep network
  476  neutron router-list
  477  neutron router-list | cut -c -59
  478  ssh root@neutron
  479  nova show vt2
  480  ping 10.10.0.3
  481  ssh admin 10.10.0.3
  482  ssh -l admin 10.10.0.3
  483  ifconfig -a
  484  ssh admin@neutron
  485  ssh root@neutron
  486  neutron net-list | grep vault
  487  nova list
  488  cinder list
  489  cinder show cargo-bay
  490  set -o vi
  491  cinder show cargo-bay | grep /dev/
  492  nova list
  493  cinder show cargo-bay | grep /dev/
  494  nova detach 0c1f439b-6fa4-45d6-a398-738aafe41a9b 9ea0d26a-f066-446e-ba2f-6704ffea2276
  495  nova volume-detach 0c1f439b-6fa4-45d6-a398-738aafe41a9b 9ea0d26a-f066-446e-ba2f-6704ffea2276
  496  nova volume-detach 9ea0d26a-f066-446e-ba2f-6704ffea2276 0c1f439b-6fa4-45d6-a398-738aafe41a9b
  497  cinder list
  498  nova list
  499  nova volume-attach 0c1f439b-6fa4-45d6-a398-738aafe41a9b 78576f58-38cb-4b06-b319-bbbbc9f840cb
  500  nova volume-attach 78576f58-38cb-4b06-b319-bbbbc9f840cb 0c1f439b-6fa4-45d6-a398-738aafe41a9b
  501  cinder list
  502  nova show vt3
  503  ssh -l admin 10.10.0.4
  504  nova show vt3 | network
  505  nova show vt3 
  506  nova show vt3 | grep network
  507  neutron router-list cut -c -59
  508  neutron router-list | cut -c 59
  509  neutron router-list | cut -c -59
  510  ssh root@neutron
  511  mkdir ~/myopenstack
  512  cd myopenstack/
  513  yum install git
  514  git config --global user.name "cubicsr"
  515  git config --global user.email "cubic@att.com"
  516  git config --list
  517  git init
  518  history > history.out
